<?xml version="1.0" encoding="UTF-8"?>
<!-- Generated by org.testng.reporters.JUnitXMLReporter -->
<testsuite ignored="0" hostname="LTIN292975" failures="0" tests="5" name="chromeTest" time="70.9" errors="0" timestamp="2024-01-22T10:19:36 IST">
  <testcase classname="TestCases.TC_001_ValidateUser" name="ValidateUser" time="4.052"/>
  <testcase classname="TestCases.TC_002_ValidateImageAndHeaders" name="validateImageCountAndHeaders" time="1.029"/>
  <testcase classname="TestCases.TC_003_ToolTipValidation" name="validateToolTip" time="8.426"/>
  <testcase classname="TestCases.TC_004_ValidateNewsItems" name="validateNewsItems" time="35.713"/>
  <testcase classname="TestCases.TC_005_ValidateAppsAndTools" name="validateAppsAndTools" time="10.349"/>
</testsuite> <!-- chromeTest -->
