<?xml version="1.0" encoding="UTF-8"?>
<!-- Generated by org.testng.reporters.JUnitXMLReporter -->
<testsuite ignored="0" hostname="LTIN292975" failures="0" tests="5" name="edgeTest" time="54.911" errors="0" timestamp="2024-01-22T10:20:31 IST">
  <testcase classname="TestCases.TC_001_ValidateUser" name="ValidateUser" time="1.178"/>
  <testcase classname="TestCases.TC_002_ValidateImageAndHeaders" name="validateImageCountAndHeaders" time="0.642"/>
  <testcase classname="TestCases.TC_003_ToolTipValidation" name="validateToolTip" time="8.385"/>
  <testcase classname="TestCases.TC_004_ValidateNewsItems" name="validateNewsItems" time="27.15"/>
  <testcase classname="TestCases.TC_005_ValidateAppsAndTools" name="validateAppsAndTools" time="7.469"/>
</testsuite> <!-- edgeTest -->
