<?xml version="1.0" encoding="UTF-8"?>
<!-- Generated by org.testng.reporters.JUnitXMLReporter -->
<testsuite ignored="0" hostname="LTIN273501" failures="0" tests="5" name="ValiadateUser" time="149.121" errors="0" timestamp="2024-02-20T16:26:05 IST">
  <testcase classname="TestCases.TC_001_ValidateUser" name="ValidateUser" time="10.064"/>
  <testcase classname="TestCases.TC_002_ValidateImageAndHeaders" name="validateImageCountAndHeaders" time="5.664"/>
  <testcase classname="TestCases.TC_003_ToolTipValidation" name="validateToolTip" time="9.705"/>
  <testcase classname="TestCases.TC_004_ValidateNewsItems" name="validateNewsItems" time="51.306"/>
  <testcase classname="TestCases.TC_005_ValidateAppsAndTools" name="validateAppsAndTools" time="10.766"/>
</testsuite> <!-- ValiadateUser -->
