<?xml version="1.0" encoding="UTF-8"?>
<!-- Generated by org.testng.reporters.JUnitXMLReporter -->
<testsuite ignored="0" hostname="LTIN292975" failures="0" tests="4" name="ValiadateUser" time="104.127" errors="0" timestamp="2024-01-17T09:30:03 IST">
  <testcase classname="TestCases.TC_001_ValidateUser" name="ValidateUser" time="8.706"/>
  <testcase classname="TestCases.TC_002_ValidateImageAndHeaders" name="validateImageCountAndHeaders" time="0.756"/>
  <testcase classname="TestCases.TC_003_ValidateNewsItems" name="validateNewsItems" time="29.453"/>
  <testcase classname="TestCases.TC_004_ValidateAppsAndTools" name="validateAppsAndTools" time="8.591"/>
</testsuite> <!-- ValiadateUser -->
