<?xml version="1.0" encoding="UTF-8"?>
<testng-results ignored="0" total="5" passed="5" failed="0" skipped="0">
  <reporter-output>
  </reporter-output>
  <suite started-at="2024-02-20T16:23:35 IST" name="Suite" finished-at="2024-02-20T16:26:04 IST" duration-ms="149121">
    <groups>
    </groups>
    <test started-at="2024-02-20T16:23:35 IST" name="ValiadateUser" finished-at="2024-02-20T16:26:04 IST" duration-ms="149121">
      <class name="TestCases.TC_005_ValidateAppsAndTools">
        <test-method is-config="true" signature="setUp(java.lang.String,java.lang.String)[pri:0, instance:TestCases.TC_005_ValidateAppsAndTools@131ef10]" started-at="2024-02-20T16:23:36 IST" name="setUp" finished-at="2024-02-20T16:24:35 IST" duration-ms="59313" status="PASS">
          <params>
            <param index="0">
              <value>
                <![CDATA[Windows]]>
              </value>
            </param>
            <param index="1">
              <value>
                <![CDATA[chrome]]>
              </value>
            </param>
          </params>
          <reporter-output>
          </reporter-output>
        </test-method> <!-- setUp -->
        <test-method signature="ValidateUser()[pri:1, instance:TestCases.TC_005_ValidateAppsAndTools@131ef10]" started-at="2024-02-20T16:24:35 IST" name="ValidateUser" finished-at="2024-02-20T16:24:45 IST" duration-ms="10064" status="PASS">
          <reporter-output>
          </reporter-output>
        </test-method> <!-- ValidateUser -->
        <test-method signature="validateImageCountAndHeaders()[pri:2, instance:TestCases.TC_005_ValidateAppsAndTools@131ef10]" started-at="2024-02-20T16:24:45 IST" name="validateImageCountAndHeaders" finished-at="2024-02-20T16:24:51 IST" duration-ms="5664" status="PASS">
          <reporter-output>
          </reporter-output>
        </test-method> <!-- validateImageCountAndHeaders -->
        <test-method signature="validateToolTip()[pri:3, instance:TestCases.TC_005_ValidateAppsAndTools@131ef10]" started-at="2024-02-20T16:24:51 IST" name="validateToolTip" finished-at="2024-02-20T16:25:01 IST" duration-ms="9705" status="PASS">
          <reporter-output>
          </reporter-output>
        </test-method> <!-- validateToolTip -->
        <test-method signature="validateNewsItems()[pri:4, instance:TestCases.TC_005_ValidateAppsAndTools@131ef10]" started-at="2024-02-20T16:25:01 IST" name="validateNewsItems" finished-at="2024-02-20T16:25:52 IST" duration-ms="51306" status="PASS">
          <reporter-output>
          </reporter-output>
        </test-method> <!-- validateNewsItems -->
        <test-method signature="validateAppsAndTools()[pri:5, instance:TestCases.TC_005_ValidateAppsAndTools@131ef10]" started-at="2024-02-20T16:25:52 IST" name="validateAppsAndTools" finished-at="2024-02-20T16:26:03 IST" duration-ms="10766" status="PASS">
          <reporter-output>
          </reporter-output>
        </test-method> <!-- validateAppsAndTools -->
        <test-method is-config="true" signature="tearDown()[pri:0, instance:TestCases.TC_005_ValidateAppsAndTools@131ef10]" started-at="2024-02-20T16:26:03 IST" name="tearDown" finished-at="2024-02-20T16:26:04 IST" duration-ms="1225" status="PASS">
          <reporter-output>
          </reporter-output>
        </test-method> <!-- tearDown -->
      </class> <!-- TestCases.TC_005_ValidateAppsAndTools -->
    </test> <!-- ValiadateUser -->
  </suite> <!-- Suite -->
</testng-results>
